<?xml version="1.0" encoding="UTF-8"?>
<!-- Generated by org.testng.reporters.JUnitReportReporter -->
<testsuite hostname="PRATIK" failures="0" tests="4" name="api.test.UserTests" time="9.906" errors="0" timestamp="2024-05-19T18:25:50 IST" skipped="0">
  <testcase classname="api.test.UserTests" name="testPostUser" time="4.280"/>
  <system-out/>
  <testcase classname="api.test.UserTests" name="testGetUserByName" time="1.651"/>
  <system-out/>
  <testcase classname="api.test.UserTests" name="testUpdateUserByName" time="2.471"/>
  <system-out/>
  <testcase classname="api.test.UserTests" name="testDeleteUserByName" time="1.504"/>
  <system-out/>
</testsuite> <!-- api.test.UserTests -->
